<?xml version="1.0" encoding="UTF-8"?>
<testsuite name="org.launchcode.hellospring.HelloSpringApplicationTests" tests="1" skipped="0" failures="0" errors="0" timestamp="2022-11-05T05:02:25" hostname="Adrianas-Air.lan" time="0.732">
  <properties/>
  <testcase name="contextLoads()" classname="org.launchcode.hellospring.HelloSpringApplicationTests" time="0.732"/>
  <system-out><![CDATA[00:02:20.410 [Test worker] DEBUG org.springframework.test.context.BootstrapUtils - Instantiating CacheAwareContextLoaderDelegate from class [org.springframework.test.context.cache.DefaultCacheAwareContextLoaderDelegate]
00:02:20.455 [Test worker] DEBUG org.springframework.test.context.BootstrapUtils - Instantiating BootstrapContext using constructor [public org.springframework.test.context.support.DefaultBootstrapContext(java.lang.Class,org.springframework.test.context.CacheAwareContextLoaderDelegate)]
00:02:20.672 [Test worker] DEBUG org.springframework.test.context.BootstrapUtils - Instantiating TestContextBootstrapper for test class [org.launchcode.hellospring.HelloSpringApplicationTests] from class [org.springframework.boot.test.context.SpringBootTestContextBootstrapper]
00:02:20.731 [Test worker] INFO org.springframework.boot.test.context.SpringBootTestContextBootstrapper - Neither @ContextConfiguration nor @ContextHierarchy found for test class [org.launchcode.hellospring.HelloSpringApplicationTests], using SpringBootContextLoader
00:02:20.739 [Test worker] DEBUG org.springframework.test.context.support.AbstractContextLoader - Did not detect default resource location for test class [org.launchcode.hellospring.HelloSpringApplicationTests]: class path resource [org/launchcode/hellospring/HelloSpringApplicationTests-context.xml] does not exist
00:02:20.740 [Test worker] DEBUG org.springframework.test.context.support.AbstractContextLoader - Did not detect default resource location for test class [org.launchcode.hellospring.HelloSpringApplicationTests]: class path resource [org/launchcode/hellospring/HelloSpringApplicationTestsContext.groovy] does not exist
00:02:20.744 [Test worker] INFO org.springframework.test.context.support.AbstractContextLoader - Could not detect default resource locations for test class [org.launchcode.hellospring.HelloSpringApplicationTests]: no resource found for suffixes {-context.xml, Context.groovy}.
00:02:20.748 [Test worker] INFO org.springframework.test.context.support.AnnotationConfigContextLoaderUtils - Could not detect default configuration classes for test class [org.launchcode.hellospring.HelloSpringApplicationTests]: HelloSpringApplicationTests does not declare any static, non-private, non-final, nested classes annotated with @Configuration.
00:02:20.903 [Test worker] DEBUG org.springframework.test.context.support.ActiveProfilesUtils - Could not find an 'annotation declaring class' for annotation type [org.springframework.test.context.ActiveProfiles] and class [org.launchcode.hellospring.HelloSpringApplicationTests]
00:02:21.036 [Test worker] DEBUG org.springframework.context.annotation.ClassPathScanningCandidateComponentProvider - Identified candidate component class: file [/Users/adrianadarris/Desktop/coding class/hello-spring/build/classes/java/main/org/launchcode/hellospring/HelloSpringApplication.class]
00:02:21.040 [Test worker] INFO org.springframework.boot.test.context.SpringBootTestContextBootstrapper - Found @SpringBootConfiguration org.launchcode.hellospring.HelloSpringApplication for test class org.launchcode.hellospring.HelloSpringApplicationTests
00:02:21.282 [Test worker] DEBUG org.springframework.boot.test.context.SpringBootTestContextBootstrapper - @TestExecutionListeners is not present for class [org.launchcode.hellospring.HelloSpringApplicationTests]: using defaults.
00:02:21.283 [Test worker] INFO org.springframework.boot.test.context.SpringBootTestContextBootstrapper - Loaded default TestExecutionListener class names from location [META-INF/spring.factories]: [org.springframework.boot.test.autoconfigure.restdocs.RestDocsTestExecutionListener, org.springframework.boot.test.autoconfigure.web.client.MockRestServiceServerResetTestExecutionListener, org.springframework.boot.test.autoconfigure.web.servlet.MockMvcPrintOnlyOnFailureTestExecutionListener, org.springframework.boot.test.autoconfigure.web.servlet.WebDriverTestExecutionListener, org.springframework.boot.test.autoconfigure.webservices.client.MockWebServiceServerTestExecutionListener, org.springframework.boot.test.mock.mockito.MockitoTestExecutionListener, org.springframework.boot.test.mock.mockito.ResetMocksTestExecutionListener, org.springframework.test.context.web.ServletTestExecutionListener, org.springframework.test.context.support.DirtiesContextBeforeModesTestExecutionListener, org.springframework.test.context.event.ApplicationEventsTestExecutionListener, org.springframework.test.context.support.DependencyInjectionTestExecutionListener, org.springframework.test.context.support.DirtiesContextTestExecutionListener, org.springframework.test.context.transaction.TransactionalTestExecutionListener, org.springframework.test.context.jdbc.SqlScriptsTestExecutionListener, org.springframework.test.context.event.EventPublishingTestExecutionListener]
00:02:21.305 [Test worker] DEBUG org.springframework.boot.test.context.SpringBootTestContextBootstrapper - Skipping candidate TestExecutionListener [org.springframework.test.context.transaction.TransactionalTestExecutionListener] due to a missing dependency. Specify custom listener classes or make the default listener classes and their required dependencies available. Offending class: [org/springframework/transaction/TransactionDefinition]
00:02:21.306 [Test worker] DEBUG org.springframework.boot.test.context.SpringBootTestContextBootstrapper - Skipping candidate TestExecutionListener [org.springframework.test.context.jdbc.SqlScriptsTestExecutionListener] due to a missing dependency. Specify custom listener classes or make the default listener classes and their required dependencies available. Offending class: [org/springframework/transaction/interceptor/TransactionAttribute]
00:02:21.307 [Test worker] INFO org.springframework.boot.test.context.SpringBootTestContextBootstrapper - Using TestExecutionListeners: [org.springframework.test.context.web.ServletTestExecutionListener@7d373bcf, org.springframework.test.context.support.DirtiesContextBeforeModesTestExecutionListener@6d6bc158, org.springframework.test.context.event.ApplicationEventsTestExecutionListener@5dda6f9, org.springframework.boot.test.mock.mockito.MockitoTestExecutionListener@10027fc9, org.springframework.boot.test.autoconfigure.SpringBootDependencyInjectionTestExecutionListener@54afd745, org.springframework.test.context.support.DirtiesContextTestExecutionListener@677dbd89, org.springframework.test.context.event.EventPublishingTestExecutionListener@fff25f1, org.springframework.boot.test.autoconfigure.restdocs.RestDocsTestExecutionListener@c00fff0, org.springframework.boot.test.autoconfigure.web.client.MockRestServiceServerResetTestExecutionListener@263f04ca, org.springframework.boot.test.autoconfigure.web.servlet.MockMvcPrintOnlyOnFailureTestExecutionListener@2ca47471, org.springframework.boot.test.autoconfigure.web.servlet.WebDriverTestExecutionListener@5a021cb9, org.springframework.boot.test.autoconfigure.webservices.client.MockWebServiceServerTestExecutionListener@51768776, org.springframework.boot.test.mock.mockito.ResetMocksTestExecutionListener@f31c0c6]
00:02:21.316 [Test worker] DEBUG org.springframework.test.context.support.AbstractDirtiesContextTestExecutionListener - Before test class: context [DefaultTestContext@2b5cb9b2 testClass = HelloSpringApplicationTests, testInstance = [null], testMethod = [null], testException = [null], mergedContextConfiguration = [WebMergedContextConfiguration@35038141 testClass = HelloSpringApplicationTests, locations = '{}', classes = '{class org.launchcode.hellospring.HelloSpringApplication}', contextInitializerClasses = '[]', activeProfiles = '{}', propertySourceLocations = '{}', propertySourceProperties = '{org.springframework.boot.test.context.SpringBootTestContextBootstrapper=true}', contextCustomizers = set[org.springframework.boot.test.autoconfigure.actuate.metrics.MetricsExportContextCustomizerFactory$DisableMetricExportContextCustomizer@6e6d5d29, org.springframework.boot.test.autoconfigure.properties.PropertyMappingContextCustomizer@0, org.springframework.boot.test.autoconfigure.web.servlet.WebDriverContextCustomizerFactory$Customizer@6475472c, org.springframework.boot.test.context.filter.ExcludeFilterContextCustomizer@3c989952, org.springframework.boot.test.json.DuplicateJsonObjectContextCustomizerFactory$DuplicateJsonObjectContextCustomizer@793138bd, org.springframework.boot.test.mock.mockito.MockitoContextCustomizer@0, org.springframework.boot.test.web.client.TestRestTemplateContextCustomizer@246f8b8b, org.springframework.boot.test.context.SpringBootTestArgs@1, org.springframework.boot.test.context.SpringBootTestWebEnvironment@1f9f6368], resourceBasePath = 'src/main/webapp', contextLoader = 'org.springframework.boot.test.context.SpringBootContextLoader', parent = [null]], attributes = map['org.springframework.test.context.web.ServletTestExecutionListener.activateListener' -> true]], class annotated with @DirtiesContext [false] with mode [null].

  .   ____          _            __ _ _
 /\\ / ___'_ __ _ _(_)_ __  __ _ \ \ \ \
( ( )\___ | '_ | '_| | '_ \/ _` | \ \ \ \
 \\/  ___)| |_)| | | | | || (_| |  ) ) ) )
  '  |____| .__|_| |_|_| |_\__, | / / / /
 =========|_|==============|___/=/_/_/_/
 :: Spring Boot ::                (v2.7.5)

2022-11-05 00:02:22.038  INFO 16635 --- [    Test worker] o.l.h.HelloSpringApplicationTests        : Starting HelloSpringApplicationTests using Java 11.0.16 on Adrianas-Air.lan with PID 16635 (started by adrianadarris in /Users/adrianadarris/Desktop/coding class/hello-spring)
2022-11-05 00:02:22.042  INFO 16635 --- [    Test worker] o.l.h.HelloSpringApplicationTests        : No active profile set, falling back to 1 default profile: "default"
2022-11-05 00:02:25.026  INFO 16635 --- [    Test worker] o.l.h.HelloSpringApplicationTests        : Started HelloSpringApplicationTests in 3.594 seconds (JVM running for 6.842)
]]></system-out>
  <system-err><![CDATA[]]></system-err>
</testsuite>
